<?xml version="1.0" encoding="utf-8" standalone="no"?>
<test-results xmlns:xsi="http://www.w3.org/2001/XMLSchema-instance" xsi:noNamespaceSchemaLocation="nunit_schema_2.5.xsd" name="Pester" total="1" errors="0" failures="0" not-run="59" inconclusive="0" ignored="0" skipped="0" invalid="0" date="2025-01-28" time="15:42:42">
  <environment user="stephen" user-domain="COASTERTOASTER" platform="Microsoft Windows 11 Pro|C:\Windows|\Device\Harddisk0\Partition3" cwd="C:\Users\stephen\Documents\Git\AutomatedLab.Utils" machine-name="COASTERTOASTER" clr-version="8.0.10" os-version="10.0.22631" nunit-version="2.5.8.0" />
  <culture-info current-culture="en-US" current-uiculture="en-US" />
  <test-suite type="TestFixture" name="Pester" executed="True" result="Success" success="True" time="0.8162" asserts="0" description="Pester">
    <results>
      <test-suite type="TestFixture" name="C:\Users\stephen\Documents\PowerShell\Modules\AutomatedLabTest\5.55.0\tests\00General.tests.ps1" executed="True" result="Success" success="True" time="0.3871" asserts="0" description="C:\Users\stephen\Documents\PowerShell\Modules\AutomatedLabTest\5.55.0\tests\00General.tests.ps1">
        <results>
          <test-suite type="TestFixture" name="[QSG] General" executed="True" result="Success" success="True" time="0.196" asserts="0" description="[QSG] General">
            <results>
              <test-suite type="TestFixture" name="[QSG] General.Lab deployment successful" executed="True" result="Success" success="True" time="0.185" asserts="0" description="[QSG] General.Lab deployment successful">
                <results>
                  <test-suite type="ParameterizedTest" name="[QSG] General.Lab deployment successful.[&lt;LabName&gt;] Should return the correct amount of machines" executed="True" result="Success" success="True" time="0.1682" asserts="0" description="[&lt;LabName&gt;] Should return the correct amount of machines">
                    <results>
                      <test-case description="[QSG] Should return the correct amount of machines" name="[QSG] General.Lab deployment successful.[QSG] Should return the correct amount of machines" time="0.1682" asserts="0" success="True" result="Success" executed="True" />
                    </results>
                  </test-suite>
                </results>
              </test-suite>
            </results>
          </test-suite>
        </results>
      </test-suite>
    </results>
  </test-suite>
</test-results>